<?xml version="1.0" encoding="utf-8"?><testsuites name="pytest tests"><testsuite name="pytest" errors="0" failures="0" skipped="2" tests="21" time="1.784" timestamp="2026-06-14T11:33:24.297547+00:00" hostname="agent-env-0d267d07-03a4-4f40-bb6e-9a19b1a4bba7"><testcase classname="backend.tests.test_trainertrack_api.TestRoot" name="test_root_ok" time="0.150" /><testcase classname="backend.tests.test_trainertrack_api.TestAuth" name="test_dev_login_no_role" time="0.047" /><testcase classname="backend.tests.test_trainertrack_api.TestAuth" name="test_role_set_and_me_reflects" time="0.167" /><testcase classname="backend.tests.test_trainertrack_api.TestAuth" name="test_invalid_token_rejected" time="0.040" /><testcase classname="backend.tests.test_trainertrack_api.TestSessions" name="test_trainer_creates_session_with_pin" time="0.086" /><testcase classname="backend.tests.test_trainertrack_api.TestSessions" name="test_trainer_lists_sessions_includes_pin" time="0.044" /><testcase classname="backend.tests.test_trainertrack_api.TestSessions" name="test_student_lists_sessions_hides_pin" time="0.086" /><testcase classname="backend.tests.test_trainertrack_api.TestSessions" name="test_student_cannot_create_session" time="0.043" /><testcase classname="backend.tests.test_trainertrack_api.TestAttendance" name="test_trainer_marks_student" time="0.090" /><testcase classname="backend.tests.test_trainertrack_api.TestAttendance" name="test_self_attendance_wrong_pin" time="0.083" /><testcase classname="backend.tests.test_trainertrack_api.TestAttendance" name="test_self_attendance_correct_pin" time="0.041" /><testcase classname="backend.tests.test_trainertrack_api.TestPayments" name="test_three_seed_plans" time="0.043" /><testcase classname="backend.tests.test_trainertrack_api.TestPayments" name="test_stripe_checkout" time="0.244"><skipped type="pytest.skip" message="Stripe checkout failed (status 500): {&quot;detail&quot;:&quot;Stripe error: Invalid API Key provided: sk_test_****gent&quot;}">/app/backend/tests/test_trainertrack_api.py:177: Stripe checkout failed (status 500): {"detail":"Stripe error: Invalid API Key provided: sk_test_****gent"}</skipped></testcase><testcase classname="backend.tests.test_trainertrack_api.TestPayments" name="test_checkout_status" time="0.000"><skipped type="pytest.skip" message="No checkout txn to verify">/app/backend/tests/test_trainertrack_api.py:185: No checkout txn to verify</skipped></testcase><testcase classname="backend.tests.test_trainertrack_api.TestPayments" name="test_trainer_record_manual_payment" time="0.168" /><testcase classname="backend.tests.test_trainertrack_api.TestFeedback" name="test_student_submits_feedback" time="0.083" /><testcase classname="backend.tests.test_trainertrack_api.TestFeedback" name="test_invalid_rating_rejected" time="0.042" /><testcase classname="backend.tests.test_trainertrack_api.TestDashboard" name="test_admin_dashboard" time="0.092" /><testcase classname="backend.tests.test_trainertrack_api.TestDashboard" name="test_trainer_dashboard" time="0.044" /><testcase classname="backend.tests.test_trainertrack_api.TestDashboard" name="test_student_dashboard" time="0.043" /><testcase classname="backend.tests.test_trainertrack_api.TestNotifications" name="test_list_for_student" time="0.043" /></testsuite></testsuites>