<?xml version="1.0" encoding="utf-8"?><testsuites name="pytest tests"><testsuite name="pytest" errors="0" failures="1" skipped="0" tests="21" time="2.455" timestamp="2026-06-14T11:40:34.966221+00:00" hostname="agent-env-0d267d07-03a4-4f40-bb6e-9a19b1a4bba7"><testcase classname="test_trainertrack_api.TestRoot" name="test_root_ok" time="0.137" /><testcase classname="test_trainertrack_api.TestAuth" name="test_dev_login_no_role" time="0.045" /><testcase classname="test_trainertrack_api.TestAuth" name="test_role_set_and_me_reflects" time="0.174" /><testcase classname="test_trainertrack_api.TestAuth" name="test_invalid_token_rejected" time="0.042" /><testcase classname="test_trainertrack_api.TestSessions" name="test_trainer_creates_session_with_pin" time="0.084" /><testcase classname="test_trainertrack_api.TestSessions" name="test_trainer_lists_sessions_includes_pin" time="0.041" /><testcase classname="test_trainertrack_api.TestSessions" name="test_student_lists_sessions_hides_pin" time="0.085" /><testcase classname="test_trainertrack_api.TestSessions" name="test_student_cannot_create_session" time="0.045" /><testcase classname="test_trainertrack_api.TestAttendance" name="test_trainer_marks_student" time="0.127" /><testcase classname="test_trainertrack_api.TestAttendance" name="test_self_attendance_wrong_pin" time="0.041" /><testcase classname="test_trainertrack_api.TestAttendance" name="test_self_attendance_correct_pin" time="0.045" /><testcase classname="test_trainertrack_api.TestPayments" name="test_three_seed_plans" time="0.043" /><testcase classname="test_trainertrack_api.TestPayments" name="test_stripe_checkout" time="0.560" /><testcase classname="test_trainertrack_api.TestPayments" name="test_checkout_status" time="0.270"><failure message="AssertionError: Expected 'pending' but got 'failed' — backend likely maps Stripe payment_status=unpaid to 'failed' incorrectly. Full body: {'txn_id': 'txn_57c0e65fb80b', 'stripe_session_id': 'cs_test_a13Lhxyh1cT30QWo8S5psSCd9W5iPrxWtAPTpfsh9BV6xOKdcM0iHhFaYh', 'student_id': 'usr_be166c6c3cd0', 'plan_id': 'pln_9f74417f70e6', 'plan_name': 'Monthly Membership', 'amount': 2500.0, 'currency': 'INR', 'status': 'failed', 'created_at': '2026-06-14T11:40:36.514000'}&#10;assert 'failed' == 'pending'&#10;  &#10;  - pending&#10;  + failed">test_trainertrack_api.py:191: in test_checkout_status
    assert body["status"] == "pending", f"Expected 'pending' but got '{body['status']}' — backend likely maps Stripe payment_status=unpaid to 'failed' incorrectly. Full body: {body}"
E   AssertionError: Expected 'pending' but got 'failed' — backend likely maps Stripe payment_status=unpaid to 'failed' incorrectly. Full body: {'txn_id': 'txn_57c0e65fb80b', 'stripe_session_id': 'cs_test_a13Lhxyh1cT30QWo8S5psSCd9W5iPrxWtAPTpfsh9BV6xOKdcM0iHhFaYh', 'student_id': 'usr_be166c6c3cd0', 'plan_id': 'pln_9f74417f70e6', 'plan_name': 'Monthly Membership', 'amount': 2500.0, 'currency': 'INR', 'status': 'failed', 'created_at': '2026-06-14T11:40:36.514000'}
E   assert 'failed' == 'pending'
E     
E     - pending
E     + failed</failure></testcase><testcase classname="test_trainertrack_api.TestPayments" name="test_trainer_record_manual_payment" time="0.142" /><testcase classname="test_trainertrack_api.TestFeedback" name="test_student_submits_feedback" time="0.084" /><testcase classname="test_trainertrack_api.TestFeedback" name="test_invalid_rating_rejected" time="0.081" /><testcase classname="test_trainertrack_api.TestDashboard" name="test_admin_dashboard" time="0.127" /><testcase classname="test_trainertrack_api.TestDashboard" name="test_trainer_dashboard" time="0.044" /><testcase classname="test_trainertrack_api.TestDashboard" name="test_student_dashboard" time="0.080" /><testcase classname="test_trainertrack_api.TestNotifications" name="test_list_for_student" time="0.041" /></testsuite></testsuites>